2020-11-03 15:09:34,094 [Worker-1: Loading available Gradle versions] INFO  o.e.b.c.i.u.g.PublishedGradleVersions - Gradle version information cache is out-of-date. Trying to update.
2020-11-03 15:45:40,526 [main] INFO  org.eclipse.jetty.util.log - Logging initialized @2173873ms to org.eclipse.jetty.util.log.Slf4jLog
2020-11-03 15:45:40,666 [main] INFO  org.eclipse.jetty.server.Server - jetty-9.4.29.v20200521; built: 2020-05-27T11:26:53.365Z; git: 77c232aed8a45c818fd27232278d9f95a021095e; jvm 1.8.0_202-b08
2020-11-03 15:45:40,682 [main] INFO  org.eclipse.jetty.server.session - DefaultSessionIdManager workerName=node0
2020-11-03 15:45:40,682 [main] INFO  org.eclipse.jetty.server.session - No SessionScavenger set, using defaults
2020-11-03 15:45:40,697 [main] INFO  org.eclipse.jetty.server.session - node0 Scavenging every 600000ms
2020-11-03 15:45:40,713 [main] INFO  o.e.j.server.handler.ContextHandler - Started o.e.j.s.ServletContextHandler@3de10c4e{/wse,null,AVAILABLE}
2020-11-03 15:45:40,729 [main] INFO  o.e.jetty.server.AbstractConnector - Started ServerConnector@1af064a4{HTTP/1.1, (http/1.1)}{0.0.0.0:52278}
2020-11-03 15:45:40,729 [main] INFO  org.eclipse.jetty.server.Server - Started @2174070ms
2020-11-03 15:45:40,729 [main] INFO  org.eclipse.jetty.server.session - node0 Scavenging every 600000ms
2020-11-03 15:46:54,940 [Framework stop - Equinox Container: 71a096bc-2b96-45d1-9263-795f32553568] INFO  o.e.jetty.server.AbstractConnector - Stopped ServerConnector@1af064a4{HTTP/1.1, (http/1.1)}{0.0.0.0:0}
2020-11-03 15:46:54,940 [Framework stop - Equinox Container: 71a096bc-2b96-45d1-9263-795f32553568] INFO  org.eclipse.jetty.server.session - node0 Stopped scavenging
2020-11-03 15:46:54,971 [Framework stop - Equinox Container: 71a096bc-2b96-45d1-9263-795f32553568] INFO  o.e.j.server.handler.ContextHandler - Stopped o.e.j.s.ServletContextHandler@3de10c4e{/wse,null,UNAVAILABLE}
2020-11-03 15:47:08,091 [Worker-0: Loading available Gradle versions] INFO  o.e.b.c.i.u.g.PublishedGradleVersions - Gradle version information cache is up-to-date. Trying to read.
2020-11-03 15:48:46,529 [Worker-4: Loading available Gradle versions] INFO  o.e.b.c.i.u.g.PublishedGradleVersions - Gradle version information cache is up-to-date. Trying to read.
2020-11-03 17:20:23,410 [main] INFO  org.eclipse.jetty.util.log - Logging initialized @5502647ms to org.eclipse.jetty.util.log.Slf4jLog
2020-11-03 17:20:23,508 [main] INFO  org.eclipse.jetty.server.Server - jetty-9.4.29.v20200521; built: 2020-05-27T11:26:53.365Z; git: 77c232aed8a45c818fd27232278d9f95a021095e; jvm 1.8.0_202-b08
2020-11-03 17:20:23,524 [main] INFO  org.eclipse.jetty.server.session - DefaultSessionIdManager workerName=node0
2020-11-03 17:20:23,525 [main] INFO  org.eclipse.jetty.server.session - No SessionScavenger set, using defaults
2020-11-03 17:20:23,526 [main] INFO  org.eclipse.jetty.server.session - node0 Scavenging every 600000ms
2020-11-03 17:20:23,549 [main] INFO  o.e.j.server.handler.ContextHandler - Started o.e.j.s.ServletContextHandler@540d1056{/wse,null,AVAILABLE}
2020-11-03 17:20:23,564 [main] INFO  o.e.jetty.server.AbstractConnector - Started ServerConnector@6f8769a9{HTTP/1.1, (http/1.1)}{0.0.0.0:52688}
2020-11-03 17:20:23,564 [main] INFO  org.eclipse.jetty.server.Server - Started @5502803ms
2020-11-03 17:20:23,564 [main] INFO  org.eclipse.jetty.server.session - node0 Scavenging every 660000ms
2020-11-03 18:04:37,734 [Framework stop - Equinox Container: 9dfe8b46-4f4f-445c-917f-6dcd5c5dcb47] INFO  o.e.jetty.server.AbstractConnector - Stopped ServerConnector@6f8769a9{HTTP/1.1, (http/1.1)}{0.0.0.0:0}
2020-11-03 18:04:37,734 [Framework stop - Equinox Container: 9dfe8b46-4f4f-445c-917f-6dcd5c5dcb47] INFO  org.eclipse.jetty.server.session - node0 Stopped scavenging
2020-11-03 18:04:37,749 [Framework stop - Equinox Container: 9dfe8b46-4f4f-445c-917f-6dcd5c5dcb47] INFO  o.e.j.server.handler.ContextHandler - Stopped o.e.j.s.ServletContextHandler@540d1056{/wse,null,UNAVAILABLE}
2020-11-03 18:05:01,736 [Worker-4: Loading available Gradle versions] INFO  o.e.b.c.i.u.g.PublishedGradleVersions - Gradle version information cache is up-to-date. Trying to read.
2020-11-04 10:04:44,122 [Worker-4: Loading available Gradle versions] INFO  o.e.b.c.i.u.g.PublishedGradleVersions - Gradle version information cache is up-to-date. Trying to read.
2020-11-04 10:18:18,253 [Worker-0: Loading available Gradle versions] INFO  o.e.b.c.i.u.g.PublishedGradleVersions - Gradle version information cache is up-to-date. Trying to read.
2020-11-05 10:03:37,131 [Worker-4: Loading available Gradle versions] INFO  o.e.b.c.i.u.g.PublishedGradleVersions - Gradle version information cache is out-of-date. Trying to update.
2020-11-05 16:59:58,384 [main] INFO  org.eclipse.jetty.util.log - Logging initialized @25006227ms to org.eclipse.jetty.util.log.Slf4jLog
2020-11-05 16:59:58,524 [main] INFO  org.eclipse.jetty.server.Server - jetty-9.4.29.v20200521; built: 2020-05-27T11:26:53.365Z; git: 77c232aed8a45c818fd27232278d9f95a021095e; jvm 1.8.0_202-b08
2020-11-05 16:59:58,555 [main] INFO  org.eclipse.jetty.server.session - DefaultSessionIdManager workerName=node0
2020-11-05 16:59:58,555 [main] INFO  org.eclipse.jetty.server.session - No SessionScavenger set, using defaults
2020-11-05 16:59:58,555 [main] INFO  org.eclipse.jetty.server.session - node0 Scavenging every 600000ms
2020-11-05 16:59:58,571 [main] INFO  o.e.j.server.handler.ContextHandler - Started o.e.j.s.ServletContextHandler@f17bfab{/wse,null,AVAILABLE}
2020-11-05 16:59:58,602 [main] INFO  o.e.jetty.server.AbstractConnector - Started ServerConnector@dacf8e{HTTP/1.1, (http/1.1)}{0.0.0.0:50004}
2020-11-05 16:59:58,602 [main] INFO  org.eclipse.jetty.server.Server - Started @25006445ms
2020-11-05 16:59:58,602 [main] INFO  org.eclipse.jetty.server.session - node0 Scavenging every 660000ms
2020-11-05 17:01:13,798 [Framework stop - Equinox Container: c5e77400-56f1-40a8-a201-0420aa104805] INFO  o.e.jetty.server.AbstractConnector - Stopped ServerConnector@dacf8e{HTTP/1.1, (http/1.1)}{0.0.0.0:0}
2020-11-05 17:01:13,798 [Framework stop - Equinox Container: c5e77400-56f1-40a8-a201-0420aa104805] INFO  org.eclipse.jetty.server.session - node0 Stopped scavenging
2020-11-05 17:01:13,830 [Framework stop - Equinox Container: c5e77400-56f1-40a8-a201-0420aa104805] INFO  o.e.j.server.handler.ContextHandler - Stopped o.e.j.s.ServletContextHandler@f17bfab{/wse,null,UNAVAILABLE}
2020-11-05 17:01:41,292 [Worker-1: Loading available Gradle versions] INFO  o.e.b.c.i.u.g.PublishedGradleVersions - Gradle version information cache is up-to-date. Trying to read.
2020-11-06 11:14:15,457 [Worker-3: Loading available Gradle versions] INFO  o.e.b.c.i.u.g.PublishedGradleVersions - Gradle version information cache is out-of-date. Trying to update.
2020-11-06 17:56:56,906 [Worker-1: Loading available Gradle versions] INFO  o.e.b.c.i.u.g.PublishedGradleVersions - Gradle version information cache is up-to-date. Trying to read.
2020-11-09 10:03:49,013 [Worker-0: Loading available Gradle versions] INFO  o.e.b.c.i.u.g.PublishedGradleVersions - Gradle version information cache is up-to-date. Trying to read.
2020-11-10 10:06:39,587 [Worker-0: Loading available Gradle versions] INFO  o.e.b.c.i.u.g.PublishedGradleVersions - Gradle version information cache is out-of-date. Trying to update.
2020-11-10 10:33:37,813 [Worker-4: Loading available Gradle versions] INFO  o.e.b.c.i.u.g.PublishedGradleVersions - Gradle version information cache is up-to-date. Trying to read.
2020-11-10 10:41:15,264 [Worker-3: Loading available Gradle versions] INFO  o.e.b.c.i.u.g.PublishedGradleVersions - Gradle version information cache is up-to-date. Trying to read.
2020-11-10 10:41:43,712 [main] INFO  org.eclipse.jetty.util.log - Logging initialized @34387ms to org.eclipse.jetty.util.log.Slf4jLog
2020-11-10 10:41:43,797 [main] INFO  org.eclipse.jetty.server.Server - jetty-9.4.29.v20200521; built: 2020-05-27T11:26:53.365Z; git: 77c232aed8a45c818fd27232278d9f95a021095e; jvm 1.8.0_202-b08
2020-11-10 10:41:43,816 [main] INFO  org.eclipse.jetty.server.session - DefaultSessionIdManager workerName=node0
2020-11-10 10:41:43,816 [main] INFO  org.eclipse.jetty.server.session - No SessionScavenger set, using defaults
2020-11-10 10:41:43,817 [main] INFO  org.eclipse.jetty.server.session - node0 Scavenging every 660000ms
2020-11-10 10:41:43,840 [main] INFO  o.e.j.server.handler.ContextHandler - Started o.e.j.s.ServletContextHandler@c04b755{/wse,null,AVAILABLE}
2020-11-10 10:41:43,854 [main] INFO  o.e.jetty.server.AbstractConnector - Started ServerConnector@6d5376b7{HTTP/1.1, (http/1.1)}{0.0.0.0:64926}
2020-11-10 10:41:43,854 [main] INFO  org.eclipse.jetty.server.Server - Started @34529ms
2020-11-10 10:41:43,854 [main] INFO  org.eclipse.jetty.server.session - node0 Scavenging every 726000ms
2020-11-10 10:41:50,567 [Framework stop - Equinox Container: e2a2750f-5f8b-4aac-ac47-68bfab79bd53] INFO  o.e.jetty.server.AbstractConnector - Stopped ServerConnector@6d5376b7{HTTP/1.1, (http/1.1)}{0.0.0.0:0}
2020-11-10 10:41:50,567 [Framework stop - Equinox Container: e2a2750f-5f8b-4aac-ac47-68bfab79bd53] INFO  org.eclipse.jetty.server.session - node0 Stopped scavenging
2020-11-10 10:41:50,575 [Framework stop - Equinox Container: e2a2750f-5f8b-4aac-ac47-68bfab79bd53] INFO  o.e.j.server.handler.ContextHandler - Stopped o.e.j.s.ServletContextHandler@c04b755{/wse,null,UNAVAILABLE}
2020-11-10 12:04:33,450 [Worker-3: Loading available Gradle versions] INFO  o.e.b.c.i.u.g.PublishedGradleVersions - Gradle version information cache is up-to-date. Trying to read.
2020-11-10 16:09:08,164 [Worker-1: Loading available Gradle versions] INFO  o.e.b.c.i.u.g.PublishedGradleVersions - Gradle version information cache is up-to-date. Trying to read.
2020-11-10 17:03:51,192 [Worker-2: Loading available Gradle versions] INFO  o.e.b.c.i.u.g.PublishedGradleVersions - Gradle version information cache is up-to-date. Trying to read.
2020-11-11 09:54:50,609 [Worker-2: Loading available Gradle versions] INFO  o.e.b.c.i.u.g.PublishedGradleVersions - Gradle version information cache is up-to-date. Trying to read.
2020-11-11 14:22:56,239 [Worker-0: Loading available Gradle versions] INFO  o.e.b.c.i.u.g.PublishedGradleVersions - Gradle version information cache is out-of-date. Trying to update.
2020-11-12 09:54:09,406 [Worker-0: Loading available Gradle versions] INFO  o.e.b.c.i.u.g.PublishedGradleVersions - Gradle version information cache is up-to-date. Trying to read.
2020-11-13 10:04:05,896 [Worker-5: Loading available Gradle versions] INFO  o.e.b.c.i.u.g.PublishedGradleVersions - Gradle version information cache is out-of-date. Trying to update.
2020-11-16 14:02:09,569 [Worker-1: Loading available Gradle versions] INFO  o.e.b.c.i.u.g.PublishedGradleVersions - Gradle version information cache is out-of-date. Trying to update.
2020-11-17 09:59:36,048 [Worker-0: Loading available Gradle versions] INFO  o.e.b.c.i.u.g.PublishedGradleVersions - Gradle version information cache is up-to-date. Trying to read.
2020-11-17 18:00:55,929 [Worker-2: Loading available Gradle versions] INFO  o.e.b.c.i.u.g.PublishedGradleVersions - Gradle version information cache is out-of-date. Trying to update.
2020-11-18 10:02:40,429 [Worker-3: Loading available Gradle versions] INFO  o.e.b.c.i.u.g.PublishedGradleVersions - Gradle version information cache is up-to-date. Trying to read.
2020-11-19 13:46:27,750 [Worker-1: Loading available Gradle versions] INFO  o.e.b.c.i.u.g.PublishedGradleVersions - Gradle version information cache is out-of-date. Trying to update.
2020-11-20 10:03:21,099 [Worker-1: Loading available Gradle versions] INFO  o.e.b.c.i.u.g.PublishedGradleVersions - Gradle version information cache is up-to-date. Trying to read.
2020-11-23 09:50:43,657 [Worker-5: Loading available Gradle versions] INFO  o.e.b.c.i.u.g.PublishedGradleVersions - Gradle version information cache is out-of-date. Trying to update.
2020-11-23 17:52:37,028 [Worker-3: Loading available Gradle versions] INFO  o.e.b.c.i.u.g.PublishedGradleVersions - Gradle version information cache is up-to-date. Trying to read.
2020-11-24 10:05:38,965 [Worker-10: Loading available Gradle versions] INFO  o.e.b.c.i.u.g.PublishedGradleVersions - Gradle version information cache is out-of-date. Trying to update.
2020-11-24 14:01:43,228 [Worker-2: Loading available Gradle versions] INFO  o.e.b.c.i.u.g.PublishedGradleVersions - Gradle version information cache is up-to-date. Trying to read.
2020-11-26 09:48:00,477 [Worker-0: Loading available Gradle versions] INFO  o.e.b.c.i.u.g.PublishedGradleVersions - Gradle version information cache is out-of-date. Trying to update.
2020-11-26 18:37:39,836 [Worker-0: Loading available Gradle versions] INFO  o.e.b.c.i.u.g.PublishedGradleVersions - Gradle version information cache is up-to-date. Trying to read.
2020-11-27 09:54:41,906 [Worker-0: Loading available Gradle versions] INFO  o.e.b.c.i.u.g.PublishedGradleVersions - Gradle version information cache is out-of-date. Trying to update.
2020-11-30 09:58:45,249 [Worker-3: Loading available Gradle versions] INFO  o.e.b.c.i.u.g.PublishedGradleVersions - Gradle version information cache is out-of-date. Trying to update.
2020-11-30 12:04:12,637 [Worker-1: Loading available Gradle versions] INFO  o.e.b.c.i.u.g.PublishedGradleVersions - Gradle version information cache is up-to-date. Trying to read.
2020-11-30 16:05:43,394 [Worker-2: Loading available Gradle versions] INFO  o.e.b.c.i.u.g.PublishedGradleVersions - Gradle version information cache is up-to-date. Trying to read.
2020-12-01 10:04:50,503 [Worker-1: Loading available Gradle versions] INFO  o.e.b.c.i.u.g.PublishedGradleVersions - Gradle version information cache is out-of-date. Trying to update.
2020-12-01 10:48:36,223 [Worker-4: Loading available Gradle versions] INFO  o.e.b.c.i.u.g.PublishedGradleVersions - Gradle version information cache is up-to-date. Trying to read.
2020-12-01 15:08:16,907 [Worker-1: Loading available Gradle versions] INFO  o.e.b.c.i.u.g.PublishedGradleVersions - Gradle version information cache is up-to-date. Trying to read.
2020-12-01 18:38:48,228 [Worker-0: Loading available Gradle versions] INFO  o.e.b.c.i.u.g.PublishedGradleVersions - Gradle version information cache is up-to-date. Trying to read.
2020-12-29 21:33:06,730 [Worker-2: Loading available Gradle versions] INFO  o.e.b.c.i.u.g.PublishedGradleVersions - Gradle version information cache is up-to-date. Trying to read.
2021-02-08 21:35:22,933 [Worker-6: Loading available Gradle versions] INFO  o.e.b.c.i.u.g.PublishedGradleVersions - Gradle version information cache is up-to-date. Trying to read.
2021-02-09 00:24:21,708 [Worker-1: Loading available Gradle versions] INFO  o.e.b.c.i.u.g.PublishedGradleVersions - Gradle version information cache is up-to-date. Trying to read.
2021-02-14 00:00:42,513 [Worker-2: Loading available Gradle versions] INFO  o.e.b.c.i.u.g.PublishedGradleVersions - Gradle version information cache is out-of-date. Trying to update.
2021-02-15 16:00:08,730 [Worker-3: Loading available Gradle versions] INFO  o.e.b.c.i.u.g.PublishedGradleVersions - Gradle version information cache is up-to-date. Trying to read.
